C:\Users\Franz Samilo\AppData\Local\Programs\Python\Python39\lib\site-packages\google\api_core\_python_version_support.py:246: FutureWarning: You are using a non-supported Python version (3.9.2). Google will not post any further updates to google.api_core supporting this Python version. Please upgrade to the latest Python version, or at least Python 3.10, and then update google.api_core.
  warnings.warn(message, FutureWarning)
C:\Users\Franz Samilo\AppData\Local\Programs\Python\Python39\lib\site-packages\google\auth\__init__.py:54: FutureWarning: You are using a Python version 3.9 past its end of life. Google will update google-auth with critical bug fixes on a best-effort basis, but not with any other fixes or features. Please upgrade your Python version, and then update google-auth.
  warnings.warn(eol_message.format("3.9"), FutureWarning)
C:\Users\Franz Samilo\AppData\Local\Programs\Python\Python39\lib\site-packages\google\oauth2\__init__.py:40: FutureWarning: You are using a Python version 3.9 past its end of life. Google will update google-auth with critical bug fixes on a best-effort basis, but not with any other fixes or features. Please upgrade your Python version, and then update google-auth.
  warnings.warn(eol_message.format("3.9"), FutureWarning)
C:\Users\Franz Samilo\AppData\Local\Programs\Python\Python39\lib\site-packages\google\api_core\_python_version_support.py:246: FutureWarning: You are using a non-supported Python version (3.9.2). Google will not post any further updates to google.ai.generativelanguage_v1beta supporting this Python version. Please upgrade to the latest Python version, or at least Python 3.10, and then update google.ai.generativelanguage_v1beta.
  warnings.warn(message, FutureWarning)
SELF_ADV_AUDIT_BEGIN
  loss=bpr neg_sampling=uniform adv_temp=1.0 auc_guardrail=0.95
2026-05-03 03:17:55,299 - kg-framework - INFO - Fetching relationships for GNN...
2026-05-03 03:17:56,808 - kg-framework - INFO - Fetching node embeddings for 5187 nodes...
2026-05-03 03:18:00,306 - kg-framework - INFO - Fetching node labels for 5187 nodes...
2026-05-03 03:18:00,959 - kg-framework - INFO - Loaded graph: 5187 nodes (4902 embedded, 232 unlabeled), 6419 edges.
2026-05-03 03:18:01,037 - kg-framework - INFO - Uniform negative sampling active.
2026-05-03 03:18:01,043 - kg-framework - INFO - CompGCN training loss=bpr (margin=0.0)
2026-05-03 03:18:01,567 - kg-framework - INFO - CompGCN epoch 1/300 loss=21.5391 auc_roc=0.6554
2026-05-03 03:18:05,569 - kg-framework - INFO - CompGCN epoch 10/300 loss=3.4385 auc_roc=0.8710
2026-05-03 03:18:10,182 - kg-framework - INFO - CompGCN epoch 20/300 loss=1.4682 auc_roc=0.9033
2026-05-03 03:18:14,716 - kg-framework - INFO - CompGCN epoch 30/300 loss=0.9278 auc_roc=0.9139
2026-05-03 03:18:19,294 - kg-framework - INFO - CompGCN epoch 40/300 loss=0.7060 auc_roc=0.9304
2026-05-03 03:18:23,935 - kg-framework - INFO - CompGCN epoch 50/300 loss=0.5992 auc_roc=0.9446
2026-05-03 03:18:28,535 - kg-framework - INFO - CompGCN epoch 60/300 loss=0.5401 auc_roc=0.9549
2026-05-03 03:18:33,239 - kg-framework - INFO - CompGCN epoch 70/300 loss=0.4741 auc_roc=0.9627
2026-05-03 03:18:37,975 - kg-framework - INFO - CompGCN epoch 80/300 loss=0.4207 auc_roc=0.9662
2026-05-03 03:18:42,657 - kg-framework - INFO - CompGCN epoch 90/300 loss=0.4143 auc_roc=0.9679
2026-05-03 03:18:47,234 - kg-framework - INFO - CompGCN epoch 100/300 loss=0.3802 auc_roc=0.9715
2026-05-03 03:18:52,015 - kg-framework - INFO - CompGCN epoch 110/300 loss=0.3548 auc_roc=0.9725
2026-05-03 03:18:56,639 - kg-framework - INFO - CompGCN epoch 120/300 loss=0.3184 auc_roc=0.9753
2026-05-03 03:19:01,265 - kg-framework - INFO - CompGCN epoch 130/300 loss=0.3084 auc_roc=0.9761
2026-05-03 03:19:05,945 - kg-framework - INFO - CompGCN epoch 140/300 loss=0.2883 auc_roc=0.9778
2026-05-03 03:19:10,624 - kg-framework - INFO - CompGCN epoch 150/300 loss=0.2799 auc_roc=0.9779
2026-05-03 03:19:15,283 - kg-framework - INFO - CompGCN epoch 160/300 loss=0.2851 auc_roc=0.9784
2026-05-03 03:19:19,958 - kg-framework - INFO - CompGCN epoch 170/300 loss=0.2773 auc_roc=0.9787
2026-05-03 03:19:24,505 - kg-framework - INFO - CompGCN epoch 180/300 loss=0.2676 auc_roc=0.9793
2026-05-03 03:19:28,230 - kg-framework - INFO - CompGCN early stopping at epoch 188 (no improvement for 30 epochs)
2026-05-03 03:19:33,418 - kg-framework - INFO - CompGCN audit completed for 6419 relationships: auc_roc=0.9786, mrr_uniform=0.9119, mrr_type_aware=0.8998, neg_sampling=uniform, guardrail_tripped=False
2026-05-03 03:19:33,419 - kg-framework - INFO - Syncing CompGCN plausibility scores to Neo4j...
2026-05-03 03:19:35,854 - kg-framework - INFO - Neo4j CompGCN audit sync complete (status=trained_experimental).
2026-05-03 03:19:35,864 - kg-framework - INFO - GNN metrics written to C:\Users\Franz Samilo\Desktop\the-remembrance\backend\evaluation_results.json
SELF_ADV_AUDIT_DONE elapsed_min=1.68 best_epoch=158 auc=0.9786 mrr_uniform=0.9119 mrr_type_aware=0.8998
